生成启动时间为 2019/5/30 17:28:09。
     1>项目“C:\Users\Jacks\Documents\Visual Studio 2015\Projects\PerspectiveDistortion\PerspectiveDistortion.vcxproj”在节点 2 上(Build 个目标)。
     1>ClCompile:
         D:\Knows\CS\Visual Studio\VC\bin\x86_amd64\CL.exe /c /ZI /nologo /W3 /WX- /Od /D _DEBUG /D _CONSOLE /D _UNICODE /D UNICODE /Gm /EHsc /RTC1 /MDd /GS /fp:precise /Zc:wchar_t /Zc:forScope /Zc:inline /Fo"x64\Debug\\" /Fd"x64\Debug\vc140.pdb" /Gd /TP /errorReport:prompt doDistortion.cpp
         doDistortion.cpp
     1>d:\knows\cs\opencv\opencv\build\include\opencv2\core\mat.hpp(2586): warning C4819: 该文件包含不能在当前代码页(936)中表示的字符。请将该文件保存为 Unicode 格式以防止数据丢失
     1>d:\knows\cs\opencv\opencv\build\include\opencv2\core\persistence.hpp : warning C4819: 该文件包含不能在当前代码页(936)中表示的字符。请将该文件保存为 Unicode 格式以防止数据丢失
     1>d:\knows\cs\opencv\opencv\build\include\opencv2\core\utility.hpp : warning C4819: 该文件包含不能在当前代码页(936)中表示的字符。请将该文件保存为 Unicode 格式以防止数据丢失
     1>d:\knows\cs\opencv\opencv\build\include\opencv2\core\utility.hpp : warning C4819: 该文件包含不能在当前代码页(936)中表示的字符。请将该文件保存为 Unicode 格式以防止数据丢失
     1>d:\knows\cs\opencv\opencv\build\include\opencv2\imgproc.hpp(592): warning C4819: 该文件包含不能在当前代码页(936)中表示的字符。请将该文件保存为 Unicode 格式以防止数据丢失
     1>c:\users\jacks\documents\visual studio 2015\projects\perspectivedistortion\fm_ocr_scanner.hpp : warning C4819: 该文件包含不能在当前代码页(936)中表示的字符。请将该文件保存为 Unicode 格式以防止数据丢失
     1>c:\users\jacks\documents\visual studio 2015\projects\perspectivedistortion\dodistortion.cpp(20): warning C4244: “初始化”: 从“double”转换到“float”，可能丢失数据
     1>c:\users\jacks\documents\visual studio 2015\projects\perspectivedistortion\dodistortion.cpp(21): warning C4244: “初始化”: 从“double”转换到“float”，可能丢失数据
     1>c:\users\jacks\documents\visual studio 2015\projects\perspectivedistortion\dodistortion.cpp(51): warning C4244: “初始化”: 从“float”转换到“int”，可能丢失数据
     1>c:\users\jacks\documents\visual studio 2015\projects\perspectivedistortion\dodistortion.cpp(52): warning C4244: “初始化”: 从“float”转换到“int”，可能丢失数据
     1>c:\users\jacks\documents\visual studio 2015\projects\perspectivedistortion\dodistortion.cpp(54): warning C4244: “=”: 从“float”转换到“int”，可能丢失数据
     1>c:\users\jacks\documents\visual studio 2015\projects\perspectivedistortion\dodistortion.cpp(56): warning C4244: “=”: 从“float”转换到“int”，可能丢失数据
       Link:
         D:\Knows\CS\Visual Studio\VC\bin\x86_amd64\link.exe /ERRORREPORT:PROMPT /OUT:"C:\Users\Jacks\Documents\Visual Studio 2015\Projects\PerspectiveDistortion\x64\Debug\PerspectiveDistortion.exe" /INCREMENTAL /NOLOGO opencv_world320d.lib kernel32.lib user32.lib gdi32.lib winspool.lib comdlg32.lib advapi32.lib shell32.lib ole32.lib oleaut32.lib uuid.lib odbc32.lib odbccp32.lib /MANIFEST /MANIFESTUAC:"level='asInvoker' uiAccess='false'" /manifest:embed /Debug /PDB:"C:\Users\Jacks\Documents\Visual Studio 2015\Projects\PerspectiveDistortion\x64\Debug\PerspectiveDistortion.pdb" /SUBSYSTEM:CONSOLE /TLBID:1 /DYNAMICBASE /NXCOMPAT /IMPLIB:"C:\Users\Jacks\Documents\Visual Studio 2015\Projects\PerspectiveDistortion\x64\Debug\PerspectiveDistortion.lib" /MACHINE:X64 x64\Debug\doDistortion.obj
         x64\Debug\fm_ocr_scanner.obj
         PerspectiveDistortion.vcxproj -> C:\Users\Jacks\Documents\Visual Studio 2015\Projects\PerspectiveDistortion\x64\Debug\PerspectiveDistortion.exe
     1>已完成生成项目“C:\Users\Jacks\Documents\Visual Studio 2015\Projects\PerspectiveDistortion\PerspectiveDistortion.vcxproj”(Build 个目标)的操作。

已成功生成。

已用时间 00:00:06.49
